#
# A fatal error has been detected by the Java Runtime Environment:
#
#  SIGSEGV (0xb) at pc=0x0000000104f692ce, pid=752, tid=2571
#
# JRE version: Java(TM) SE Runtime Environment (8.0_60-b27) (build 1.8.0_60-b27)
# Java VM: Java HotSpot(TM) 64-Bit Server VM (25.60-b23 mixed mode bsd-amd64 compressed oops)
# Problematic frame:
# V  [libjvm.dylib+0x1692ce]
#
# Failed to write core dump. Core dumps have been disabled. To enable core dumping, try "ulimit -c unlimited" before starting Java again
#
# If you would like to submit a bug report, please visit:
#   http://bugreport.java.com/bugreport/crash.jsp
#

---------------  T H R E A D  ---------------

Current thread is native thread

siginfo: si_signo: 11 (SIGSEGV), si_code: 1 (SEGV_MAPERR), si_addr: 0x0000000000000270

Registers:
RAX=0x0000000000000000, RBX=0x0000000000000000, RCX=0x000000010511121b, RDX=0x00007fc7448411f8
RSP=0x00007fff5c1c95d0, RBP=0x00007fff5c1c95e0, RSI=0x0000000000000006, RDI=0x00007fff5c1c9620
R8 =0x0000000000000000, R9 =0x0000000000000000, R10=0x00007fc7423ef110, R11=0x0000000120d70ea0
R12=0x00007fc7448411f8, R13=0x00000001266b5b30, R14=0x00007fc7448411f8, R15=0x0000000000000000
RIP=0x0000000104f692ce, EFLAGS=0x0000000000010246, ERR=0x0000000000000006
  TRAPNO=0x000000000000000e

Top of Stack: (sp=0x00007fff5c1c95d0)
0x00007fff5c1c95d0:   00007fc748b16f88 00007fc7448411f8
0x00007fff5c1c95e0:   00007fff5c1c9640 000000010511124b
0x00007fff5c1c95f0:   de0032361cdb7cd2 0000000000000000
0x00007fff5c1c9600:   00007fc743138a00 00007fc748b300a0
0x00007fff5c1c9610:   00007fff5c1c9640 0000000127e866e9
0x00007fff5c1c9620:   0000000000000000 00007fc7420e41d0
0x00007fff5c1c9630:   00007fc743138a00 00007fc748b300a0
0x00007fff5c1c9640:   00007fff5c1c96a0 0000000128ec0ebb
0x00007fff5c1c9650:   de0032361cdb7cd2 0000000000000000
0x00007fff5c1c9660:   40bb4899142b9b90 00007fc748b18150
0x00007fff5c1c9670:   00007fff5c1c96a0 00007fff95ac0d40
0x00007fff5c1c9680:   0000000000000000 00000001266b5b30
0x00007fff5c1c9690:   00007fc748b300a0 00007fc748b18150
0x00007fff5c1c96a0:   00007fff5c1c9700 00007fff92cded8b
0x00007fff5c1c96b0:   000003bc00000004 0000000000000000
0x00007fff5c1c96c0:   00007fc748b300a0 0000000000000000
0x00007fff5c1c96d0:   40bb4899142b9b90 00007fff95ac0d40
0x00007fff5c1c96e0:   00007fc74896f640 00007fc748b300a0
0x00007fff5c1c96f0:   0000000000000004 0000000000000000
0x00007fff5c1c9700:   00007fff5c1c9770 00007fff92cde935
0x00007fff5c1c9710:   4000000000000000 407f400000000000
0x00007fff5c1c9720:   407de00000000000 0000000000000000
0x00007fff5c1c9730:   0000000000000000 407f400000000000
0x00007fff5c1c9740:   407de00000000000 00007fff5c1c9850
0x00007fff5c1c9750:   00000001266b6868 00007fff87cee8e7
0x00007fff5c1c9760:   0000000000000001 00000001266b67c0
0x00007fff5c1c9770:   00007fff5c1ca850 00007fff92c82d05
0x00007fff5c1c9780:   00007fff5c1ca850 00007fff92c82bc7
0x00007fff5c1c9790:   00007fc746900000 00007fc74690cb30
0x00007fff5c1c97a0:   00000001266b6868 00000001266b6868
0x00007fff5c1c97b0:   00000001266b67c0 0000000000000000
0x00007fff5c1c97c0:   00007fc743913c00 00007fff5c1c9780 

Instructions: (pc=0x0000000104f692ce)
0x0000000104f692ae:   0e 48 8b 0b 49 8b 56 18 48 63 c0 48 89 0c c2 5b
0x0000000104f692be:   41 5e 5d c3 90 90 55 48 89 e5 41 56 53 48 8b 1f
0x0000000104f692ce:   c7 83 70 02 00 00 05 00 00 00 48 8d 05 d9 50 77
0x0000000104f692de:   00 8b 00 83 f8 01 41 89 f6 75 0c 48 8d 0d 16 b8 

Register to memory mapping:

RAX=0x0000000000000000 is an unknown value
RBX=0x0000000000000000 is an unknown value
RCX=0x000000010511121b: jni_NewLocalRef+0 in /Library/Java/JavaVirtualMachines/jdk1.8.0_60.jdk/Contents/Home/jre/lib/server/libjvm.dylib at 0x0000000104e00000
RDX=0x00007fc7448411f8 is an unknown value
RSP=0x00007fff5c1c95d0 is an unknown value
RBP=0x00007fff5c1c95e0 is an unknown value
RSI=0x0000000000000006 is an unknown value
RDI=0x00007fff5c1c9620 is an unknown value
R8 =0x0000000000000000 is an unknown value
R9 =0x0000000000000000 is an unknown value
R10=0x00007fc7423ef110 is an unknown value
R11=0x0000000120d70ea0: OBJC_CLASS_$_JNFJObjectWrapper+0 in /System/Library/Frameworks/JavaVM.framework/Versions/A/Frameworks/JavaNativeFoundation.framework/Versions/A/JavaNativeFoundation at 0x0000000120d66000
R12=0x00007fc7448411f8 is an unknown value
R13=0x00000001266b5b30 is an unknown value
R14=0x00007fc7448411f8 is an unknown value
R15=0x0000000000000000 is an unknown value


Stack: [0x00007fff5b9ce000,0x00007fff5c1ce000],  sp=0x00007fff5c1c95d0,  free space=8173k
Native frames: (J=compiled Java code, j=interpreted, Vv=VM code, C=native code)
V  [libjvm.dylib+0x1692ce]
V  [libjvm.dylib+0x31124b]
C  [libawt_lwawt.dylib+0x19ebb]  -[CGLLayer drawInCGLContext:pixelFormat:forLayerTime:displayTime:]+0xee
C  [QuartzCore+0x6dd8b]  _ZL17CAOpenGLLayerDrawP13CAOpenGLLayerdPK11CVTimeStampj+0x2ca
C  [QuartzCore+0x6d935]  -[CAOpenGLLayer _display]+0x160
C  [QuartzCore+0x11d05]  _ZN2CA5Layer17display_if_neededEPNS_11TransactionE+0x25b
C  [QuartzCore+0x1182d]  _ZN2CA5Layer28layout_and_display_if_neededEPNS_11TransactionE+0x23
C  [QuartzCore+0x10d01]  _ZN2CA7Context18commit_transactionEPNS_11TransactionE+0x115
C  [QuartzCore+0x1094c]  _ZN2CA11Transaction6commitEv+0x1fc
C  [QuartzCore+0x1c13b]  _ZN2CA11Transaction17observer_callbackEP19__CFRunLoopObservermPv+0x47
C  [CoreFoundation+0xaa097]  __CFRUNLOOP_IS_CALLING_OUT_TO_AN_OBSERVER_CALLBACK_FUNCTION__+0x17
C  [CoreFoundation+0xaa007]  __CFRunLoopDoObservers+0x187
C  [CoreFoundation+0x896ca]  __CFRunLoopRun+0x49a
C  [CoreFoundation+0x88fc8]  CFRunLoopRunSpecific+0x128
C  [java+0x6463]  CreateExecutionEnvironment+0x367
C  [java+0x21ac]  JLI_Launch+0x7a0
C  [java+0x84c0]  main+0x65
C  [java+0x1a04]  start+0x34


---------------  P R O C E S S  ---------------

VM state:not at safepoint (normal execution)

VM Mutex/Monitor currently owned by a thread: None

Heap:
 PSYoungGen      total 76288K, used 18543K [0x000000076ab00000, 0x0000000770000000, 0x00000007c0000000)
  eden space 65536K, 28% used [0x000000076ab00000,0x000000076bd1bf60,0x000000076eb00000)
  from space 10752K, 0% used [0x000000076eb00000,0x000000076eb00000,0x000000076f580000)
  to   space 10752K, 0% used [0x000000076f580000,0x000000076f580000,0x0000000770000000)
 ParOldGen       total 72704K, used 6658K [0x00000006c0000000, 0x00000006c4700000, 0x000000076ab00000)
  object space 72704K, 9% used [0x00000006c0000000,0x00000006c0680bb0,0x00000006c4700000)
 Metaspace       used 22333K, capacity 23342K, committed 23552K, reserved 1069056K
  class space    used 3098K, capacity 3303K, committed 3328K, reserved 1048576K

Card table byte_map: [0x0000000115149000,0x000000011594a000] byte_map_base: 0x0000000111b49000

Marking Bits: (ParMarkBitMap*) 0x00000001056dee20
 Begin Bits: [0x0000000115ea0000, 0x0000000119ea0000)
 End Bits:   [0x0000000119ea0000, 0x000000011dea0000)

Polling page: 0x0000000103cf5000

CodeCache: size=245760Kb used=9110Kb max_used=9126Kb free=236649Kb
 bounds [0x0000000105d89000, 0x0000000106689000, 0x0000000114d89000]
 total_blobs=3819 nmethods=3012 adapters=719
 compilation: enabled

Compilation events (10 events):
Event: 57.433 Thread 0x00007fc743000000 3213       4       jdk.internal.org.objectweb.asm.Item::isEqualTo (354 bytes)
Event: 57.436 Thread 0x00007fc740828000 3215       3       java.lang.reflect.Constructor::setConstructorAccessor (21 bytes)
Event: 57.436 Thread 0x00007fc740828000 nmethod 3215 0x000000010666b350 code [0x000000010666b4c0, 0x000000010666b888]
Event: 57.436 Thread 0x00007fc740828000 3214       1       java.lang.reflect.Constructor::getConstructorAccessor (5 bytes)
Event: 57.436 Thread 0x00007fc740828000 nmethod 3214 0x000000010666b090 code [0x000000010666b1e0, 0x000000010666b2f0]
Event: 57.437 Thread 0x00007fc740828000 3216       3       sun.reflect.ConstructorAccessorImpl::<init> (5 bytes)
Event: 57.437 Thread 0x00007fc740828000 nmethod 3216 0x000000010666ac10 code [0x000000010666ad80, 0x000000010666af90]
Event: 57.438 Thread 0x00007fc743000000 nmethod 3213 0x000000010666ee50 code [0x000000010666f140, 0x000000010666fc58]
Event: 57.512 Thread 0x00007fc741044800 nmethod 3212 0x0000000106673850 code [0x0000000106673c80, 0x0000000106675b88]
Event: 57.718 Thread 0x00007fc740828000 3217       3       sun.java2d.SunGraphics2D::setColor (108 bytes)

GC Heap History (4 events):
Event: 16.332 GC heap before
{Heap before GC invocations=1 (full 0):
 PSYoungGen      total 76288K, used 48830K [0x000000076ab00000, 0x0000000770000000, 0x00000007c0000000)
  eden space 65536K, 74% used [0x000000076ab00000,0x000000076daafb38,0x000000076eb00000)
  from space 10752K, 0% used [0x000000076f580000,0x000000076f580000,0x0000000770000000)
  to   space 10752K, 0% used [0x000000076eb00000,0x000000076eb00000,0x000000076f580000)
 ParOldGen       total 175104K, used 0K [0x00000006c0000000, 0x00000006cab00000, 0x000000076ab00000)
  object space 175104K, 0% used [0x00000006c0000000,0x00000006c0000000,0x00000006cab00000)
 Metaspace       used 20121K, capacity 21082K, committed 21248K, reserved 1067008K
  class space    used 2857K, capacity 3069K, committed 3072K, reserved 1048576K
Event: 16.341 GC heap after
Heap after GC invocations=1 (full 0):
 PSYoungGen      total 76288K, used 7365K [0x000000076ab00000, 0x0000000770000000, 0x00000007c0000000)
  eden space 65536K, 0% used [0x000000076ab00000,0x000000076ab00000,0x000000076eb00000)
  from space 10752K, 68% used [0x000000076eb00000,0x000000076f231560,0x000000076f580000)
  to   space 10752K, 0% used [0x000000076f580000,0x000000076f580000,0x0000000770000000)
 ParOldGen       total 175104K, used 24K [0x00000006c0000000, 0x00000006cab00000, 0x000000076ab00000)
  object space 175104K, 0% used [0x00000006c0000000,0x00000006c0006000,0x00000006cab00000)
 Metaspace       used 20121K, capacity 21082K, committed 21248K, reserved 1067008K
  class space    used 2857K, capacity 3069K, committed 3072K, reserved 1048576K
}
Event: 16.341 GC heap before
{Heap before GC invocations=2 (full 1):
 PSYoungGen      total 76288K, used 7365K [0x000000076ab00000, 0x0000000770000000, 0x00000007c0000000)
  eden space 65536K, 0% used [0x000000076ab00000,0x000000076ab00000,0x000000076eb00000)
  from space 10752K, 68% used [0x000000076eb00000,0x000000076f231560,0x000000076f580000)
  to   space 10752K, 0% used [0x000000076f580000,0x000000076f580000,0x0000000770000000)
 ParOldGen       total 175104K, used 24K [0x00000006c0000000, 0x00000006cab00000, 0x000000076ab00000)
  object space 175104K, 0% used [0x00000006c0000000,0x00000006c0006000,0x00000006cab00000)
 Metaspace       used 20121K, capacity 21082K, committed 21248K, reserved 1067008K
  class space    used 2857K, capacity 3069K, committed 3072K, reserved 1048576K
Event: 16.364 GC heap after
Heap after GC invocations=2 (full 1):
 PSYoungGen      total 76288K, used 0K [0x000000076ab00000, 0x0000000770000000, 0x00000007c0000000)
  eden space 65536K, 0% used [0x000000076ab00000,0x000000076ab00000,0x000000076eb00000)
  from space 10752K, 0% used [0x000000076eb00000,0x000000076eb00000,0x000000076f580000)
  to   space 10752K, 0% used [0x000000076f580000,0x000000076f580000,0x0000000770000000)
 ParOldGen       total 72704K, used 6658K [0x00000006c0000000, 0x00000006c4700000, 0x000000076ab00000)
  object space 72704K, 9% used [0x00000006c0000000,0x00000006c0680bb0,0x00000006c4700000)
 Metaspace       used 20121K, capacity 21082K, committed 21248K, reserved 1067008K
  class space    used 2857K, capacity 3069K, committed 3072K, reserved 1048576K
}

Deoptimization events (10 events):
Event: 13.305 Thread 0x00007fc744841000 Uncommon trap: reason=array_check action=maybe_recompile pc=0x0000000106230e68 method=com.sun.javafx.css.CompoundSelector.applies(Ljavafx/css/Styleable;[Ljava/util/Set;I)Z @ 128
Event: 13.305 Thread 0x00007fc744841000 Uncommon trap: reason=array_check action=maybe_recompile pc=0x0000000106230e68 method=com.sun.javafx.css.CompoundSelector.applies(Ljavafx/css/Styleable;[Ljava/util/Set;I)Z @ 128
Event: 16.301 Thread 0x00007fc744841000 Uncommon trap: reason=unstable_if action=reinterpret pc=0x00000001062a3b34 method=java.lang.AbstractStringBuilder.append(Ljava/lang/String;)Ljava/lang/AbstractStringBuilder; @ 1
Event: 16.301 Thread 0x00007fc744841000 Uncommon trap: reason=unstable_if action=reinterpret pc=0x0000000105fa1368 method=java.lang.AbstractStringBuilder.append(Ljava/lang/String;)Ljava/lang/AbstractStringBuilder; @ 1
Event: 16.322 Thread 0x00007fc740961800 Uncommon trap: reason=bimorphic action=maybe_recompile pc=0x00000001062c7bd0 method=java.util.WeakHashMap.eq(Ljava/lang/Object;Ljava/lang/Object;)Z @ 7
Event: 16.322 Thread 0x00007fc740961800 Uncommon trap: reason=bimorphic action=maybe_recompile pc=0x00000001062c7bd0 method=java.util.WeakHashMap.eq(Ljava/lang/Object;Ljava/lang/Object;)Z @ 7
Event: 16.323 Thread 0x00007fc740961800 Uncommon trap: reason=bimorphic action=maybe_recompile pc=0x00000001062c7bd0 method=java.util.WeakHashMap.eq(Ljava/lang/Object;Ljava/lang/Object;)Z @ 7
Event: 16.323 Thread 0x00007fc740961800 Uncommon trap: reason=bimorphic action=maybe_recompile pc=0x00000001062c7bd0 method=java.util.WeakHashMap.eq(Ljava/lang/Object;Ljava/lang/Object;)Z @ 7
Event: 16.367 Thread 0x00007fc743006800 Uncommon trap: reason=unstable_if action=reinterpret pc=0x00000001061796fc method=java.lang.ref.ReferenceQueue.poll()Ljava/lang/ref/Reference; @ 4
Event: 52.511 Thread 0x00007fc744841000 Uncommon trap: reason=unstable_if action=reinterpret pc=0x000000010650b0c8 method=com.sun.javafx.geom.RectBounds.deriveWithNewBounds(FFFFFF)Lcom/sun/javafx/geom/BaseBounds; @ 4

Internal exceptions (10 events):
Event: 0.125 Thread 0x00007fc743800000 Exception <a 'java/security/PrivilegedActionException'> (0x000000076b13ccf0) thrown at [/Users/java_re/workspace/8-2-build-macosx-x86_64/jdk8u60/4407/hotspot/src/share/vm/prims/jvm.cpp, line 1386]
Event: 0.166 Thread 0x00007fc743800000 Exception <a 'java/lang/NoSuchFieldError': method resolution failed> (0x000000076b239540) thrown at [/Users/java_re/workspace/8-2-build-macosx-x86_64/jdk8u60/4407/hotspot/src/share/vm/prims/methodHandles.cpp, line 1146]
Event: 0.168 Thread 0x00007fc743800000 Exception <a 'java/lang/NoSuchFieldError': method resolution failed> (0x000000076b2468c0) thrown at [/Users/java_re/workspace/8-2-build-macosx-x86_64/jdk8u60/4407/hotspot/src/share/vm/prims/methodHandles.cpp, line 1146]
Event: 0.187 Thread 0x00007fc743152800 Exception <a 'java/lang/NullPointerException'> (0x000000076b3fec50) thrown at [/Users/java_re/workspace/8-2-build-macosx-x86_64/jdk8u60/4407/hotspot/src/share/vm/interpreter/linkResolver.cpp, line 1178]
Event: 0.440 Thread 0x00007fc744841000 Exception <a 'java/lang/NullPointerException'> (0x000000076bd9d6d8) thrown at [/Users/java_re/workspace/8-2-build-macosx-x86_64/jdk8u60/4407/hotspot/src/share/vm/interpreter/linkResolver.cpp, line 1178]
Event: 0.440 Thread 0x00007fc744841000 Exception <a 'java/lang/NullPointerException'> (0x000000076bd9d6d8) thrown at [/Users/java_re/workspace/8-2-build-macosx-x86_64/jdk8u60/4407/hotspot/src/share/vm/prims/jvm.cpp, line 1390]
Event: 16.221 Thread 0x00007fc744841000 Exception <a 'java/io/FileNotFoundException'> (0x000000076d6c0058) thrown at [/Users/java_re/workspace/8-2-build-macosx-x86_64/jdk8u60/4407/hotspot/src/share/vm/prims/jni.cpp, line 709]
Event: 16.221 Thread 0x00007fc744841000 Exception <a 'java/io/FileNotFoundException'> (0x000000076d6c0d88) thrown at [/Users/java_re/workspace/8-2-build-macosx-x86_64/jdk8u60/4407/hotspot/src/share/vm/prims/jni.cpp, line 709]
Event: 16.301 Thread 0x00007fc744841000 Implicit null exception at 0x00000001062a37b5 to 0x00000001062a3b21
Event: 16.301 Thread 0x00007fc744841000 Implicit null exception at 0x0000000105fa0ff5 to 0x0000000105fa1355

Events (10 events):
Event: 57.433 loading class javafx/application/Application done
Event: 57.437 loading class com/sun/javafx/tk/quantum/QuantumRenderer
Event: 57.437 loading class com/sun/javafx/tk/quantum/QuantumRenderer done
Event: 57.438 loading class com/sun/javafx/tk/quantum/QuantumToolkit
Event: 57.438 loading class com/sun/javafx/tk/quantum/QuantumToolkit done
Event: 57.438 Thread 0x00007fc74105f000 Thread exited: 0x00007fc74105f000
Event: 57.438 Thread 0x00007fc743152800 Thread exited: 0x00007fc743152800
Event: 57.438 Thread 0x00007fc743800000 Thread exited: 0x00007fc743800000
Event: 57.438 Thread 0x00007fc744869800 Thread added: 0x00007fc744869800
Event: 57.438 Thread 0x00007fc744841000 Thread exited: 0x00007fc744841000


Dynamic libraries:
0x00000000018d6000 	/System/Library/Frameworks/Cocoa.framework/Versions/A/Cocoa
0x00000000018d6000 	/System/Library/Frameworks/Security.framework/Versions/A/Security
0x00000000018d6000 	/System/Library/Frameworks/ApplicationServices.framework/Versions/A/ApplicationServices
0x00000000018d6000 	/usr/lib/libz.1.dylib
0x00000000018d6000 	/usr/lib/libSystem.B.dylib
0x00000000018d6000 	/usr/lib/libobjc.A.dylib
0x00000000018d6000 	/System/Library/Frameworks/CoreFoundation.framework/Versions/A/CoreFoundation
0x00000000018d6000 	/System/Library/Frameworks/Foundation.framework/Versions/C/Foundation
0x00000000018d6000 	/System/Library/Frameworks/AppKit.framework/Versions/C/AppKit
0x00000000018d6000 	/System/Library/Frameworks/CoreData.framework/Versions/A/CoreData
0x00000000018d6000 	/System/Library/PrivateFrameworks/RemoteViewServices.framework/Versions/A/RemoteViewServices
0x00000000018d6000 	/System/Library/PrivateFrameworks/UIFoundation.framework/Versions/A/UIFoundation
0x00000000018d6000 	/usr/lib/libScreenReader.dylib
0x00000000018d6000 	/System/Library/Frameworks/Accelerate.framework/Versions/A/Accelerate
0x00000000018d6000 	/System/Library/Frameworks/IOSurface.framework/Versions/A/IOSurface
0x00000000018d6000 	/System/Library/Frameworks/AudioToolbox.framework/Versions/A/AudioToolbox
0x00000000018d6000 	/System/Library/Frameworks/AudioUnit.framework/Versions/A/AudioUnit
0x00000000018d6000 	/System/Library/PrivateFrameworks/DataDetectorsCore.framework/Versions/A/DataDetectorsCore
0x00000000018d6000 	/System/Library/PrivateFrameworks/DesktopServicesPriv.framework/Versions/A/DesktopServicesPriv
0x00000000018d6000 	/System/Library/Frameworks/Carbon.framework/Versions/A/Frameworks/HIToolbox.framework/Versions/A/HIToolbox
0x00000000018d6000 	/System/Library/Frameworks/QuartzCore.framework/Versions/A/QuartzCore
0x00000000018d6000 	/System/Library/Frameworks/Carbon.framework/Versions/A/Frameworks/SpeechRecognition.framework/Versions/A/SpeechRecognition
0x00000000018d6000 	/usr/lib/libauto.dylib
0x00000000018d6000 	/usr/lib/libicucore.A.dylib
0x00000000018d6000 	/usr/lib/libxml2.2.dylib
0x00000000018d6000 	/System/Library/PrivateFrameworks/CoreUI.framework/Versions/A/CoreUI
0x00000000018d6000 	/System/Library/Frameworks/CoreAudio.framework/Versions/A/CoreAudio
0x00000000018d6000 	/System/Library/Frameworks/DiskArbitration.framework/Versions/A/DiskArbitration
0x00000000018d6000 	/usr/lib/liblangid.dylib
0x00000000018d6000 	/System/Library/PrivateFrameworks/MultitouchSupport.framework/Versions/A/MultitouchSupport
0x00000000018d6000 	/System/Library/Frameworks/IOKit.framework/Versions/A/IOKit
0x00000000018d6000 	/usr/lib/libDiagnosticMessagesClient.dylib
0x00000000018d6000 	/System/Library/Frameworks/CoreServices.framework/Versions/A/CoreServices
0x00000000018d6000 	/System/Library/PrivateFrameworks/PerformanceAnalysis.framework/Versions/A/PerformanceAnalysis
0x00000000018d6000 	/System/Library/PrivateFrameworks/GenerationalStorage.framework/Versions/A/GenerationalStorage
0x00000000018d6000 	/System/Library/Frameworks/OpenGL.framework/Versions/A/OpenGL
0x00000000018d6000 	/System/Library/PrivateFrameworks/Sharing.framework/Versions/A/Sharing
0x00000000018d6000 	/System/Library/Frameworks/CoreGraphics.framework/Versions/A/CoreGraphics
0x00000000018d6000 	/System/Library/Frameworks/CoreImage.framework/Versions/A/CoreImage
0x00000000018d6000 	/System/Library/Frameworks/CoreText.framework/Versions/A/CoreText
0x00000000018d6000 	/System/Library/Frameworks/ImageIO.framework/Versions/A/ImageIO
0x00000000018d6000 	/System/Library/PrivateFrameworks/Backup.framework/Versions/A/Backup
0x00000000018d6000 	/usr/lib/libextension.dylib
0x00000000018d6000 	/usr/lib/libarchive.2.dylib
0x00000000018d6000 	/System/Library/Frameworks/CFNetwork.framework/Versions/A/CFNetwork
0x00000000018d6000 	/System/Library/Frameworks/SystemConfiguration.framework/Versions/A/SystemConfiguration
0x00000000018d6000 	/usr/lib/libCRFSuite.dylib
0x00000000018d6000 	/usr/lib/libc++.1.dylib
0x00000000018d6000 	/usr/lib/libc++abi.dylib
0x00000000018d6000 	/usr/lib/system/libcache.dylib
0x00000000018d6000 	/usr/lib/system/libcommonCrypto.dylib
0x00000000018d6000 	/usr/lib/system/libcompiler_rt.dylib
0x00000000018d6000 	/usr/lib/system/libcopyfile.dylib
0x00000000018d6000 	/usr/lib/system/libcorecrypto.dylib
0x00000000018d6000 	/usr/lib/system/libdispatch.dylib
0x00000000018d6000 	/usr/lib/system/libdyld.dylib
0x00000000018d6000 	/usr/lib/system/libkeymgr.dylib
0x00000000018d6000 	/usr/lib/system/liblaunch.dylib
0x00000000018d6000 	/usr/lib/system/libmacho.dylib
0x00000000018d6000 	/usr/lib/system/libquarantine.dylib
0x00000000018d6000 	/usr/lib/system/libremovefile.dylib
0x00000000018d6000 	/usr/lib/system/libsystem_asl.dylib
0x00000000018d6000 	/usr/lib/system/libsystem_blocks.dylib
0x00000000018d6000 	/usr/lib/system/libsystem_c.dylib
0x00000000018d6000 	/usr/lib/system/libsystem_configuration.dylib
0x00000000018d6000 	/usr/lib/system/libsystem_coreservices.dylib
0x00000000018d6000 	/usr/lib/system/libsystem_coretls.dylib
0x00000000018d6000 	/usr/lib/system/libsystem_dnssd.dylib
0x00000000018d6000 	/usr/lib/system/libsystem_info.dylib
0x00000000018d6000 	/usr/lib/system/libsystem_kernel.dylib
0x00000000018d6000 	/usr/lib/system/libsystem_m.dylib
0x00000000018d6000 	/usr/lib/system/libsystem_malloc.dylib
0x00000000018d6000 	/usr/lib/system/libsystem_network.dylib
0x00000000018d6000 	/usr/lib/system/libsystem_networkextension.dylib
0x00000000018d6000 	/usr/lib/system/libsystem_notify.dylib
0x00000000018d6000 	/usr/lib/system/libsystem_platform.dylib
0x00000000018d6000 	/usr/lib/system/libsystem_pthread.dylib
0x00000000018d6000 	/usr/lib/system/libsystem_sandbox.dylib
0x00000000018d6000 	/usr/lib/system/libsystem_secinit.dylib
0x00000000018d6000 	/usr/lib/system/libsystem_trace.dylib
0x00000000018d6000 	/usr/lib/system/libunc.dylib
0x00000000018d6000 	/usr/lib/system/libunwind.dylib
0x00000000018d6000 	/usr/lib/system/libxpc.dylib
0x00000000018d6000 	/usr/lib/libenergytrace.dylib
0x00000000018d6000 	/usr/lib/libbsm.0.dylib
0x00000000018d6000 	/usr/lib/system/libkxld.dylib
0x00000000018d6000 	/usr/lib/libxar.1.dylib
0x00000000018d6000 	/usr/lib/libsqlite3.dylib
0x00000000018d6000 	/usr/lib/libpam.2.dylib
0x00000000018d6000 	/usr/lib/libOpenScriptingUtil.dylib
0x00000000018d6000 	/usr/lib/libbz2.1.0.dylib
0x00000000018d6000 	/usr/lib/liblzma.5.dylib
0x00000000018d6000 	/System/Library/Frameworks/CoreServices.framework/Versions/A/Frameworks/FSEvents.framework/Versions/A/FSEvents
0x00000000018d6000 	/System/Library/Frameworks/CoreServices.framework/Versions/A/Frameworks/CarbonCore.framework/Versions/A/CarbonCore
0x00000000018d6000 	/System/Library/Frameworks/CoreServices.framework/Versions/A/Frameworks/Metadata.framework/Versions/A/Metadata
0x00000000018d6000 	/System/Library/Frameworks/CoreServices.framework/Versions/A/Frameworks/OSServices.framework/Versions/A/OSServices
0x00000000018d6000 	/System/Library/Frameworks/CoreServices.framework/Versions/A/Frameworks/SearchKit.framework/Versions/A/SearchKit
0x00000000018d6000 	/System/Library/Frameworks/CoreServices.framework/Versions/A/Frameworks/AE.framework/Versions/A/AE
0x00000000018d6000 	/System/Library/Frameworks/CoreServices.framework/Versions/A/Frameworks/LaunchServices.framework/Versions/A/LaunchServices
0x00000000018d6000 	/System/Library/Frameworks/CoreServices.framework/Versions/A/Frameworks/DictionaryServices.framework/Versions/A/DictionaryServices
0x00000000018d6000 	/System/Library/Frameworks/CoreServices.framework/Versions/A/Frameworks/SharedFileList.framework/Versions/A/SharedFileList
0x00000000018d6000 	/System/Library/Frameworks/NetFS.framework/Versions/A/NetFS
0x00000000018d6000 	/System/Library/PrivateFrameworks/NetAuth.framework/Versions/A/NetAuth
0x00000000018d6000 	/System/Library/PrivateFrameworks/login.framework/Versions/A/Frameworks/loginsupport.framework/Versions/A/loginsupport
0x00000000018d6000 	/System/Library/PrivateFrameworks/TCC.framework/Versions/A/TCC
0x00000000018d6000 	/usr/lib/libmecabra.dylib
0x00000000018d6000 	/System/Library/Frameworks/ApplicationServices.framework/Versions/A/Frameworks/ATS.framework/Versions/A/ATS
0x00000000018d6000 	/System/Library/Frameworks/ApplicationServices.framework/Versions/A/Frameworks/ColorSync.framework/Versions/A/ColorSync
0x00000000018d6000 	/System/Library/Frameworks/ApplicationServices.framework/Versions/A/Frameworks/HIServices.framework/Versions/A/HIServices
0x00000000018d6000 	/System/Library/Frameworks/ApplicationServices.framework/Versions/A/Frameworks/LangAnalysis.framework/Versions/A/LangAnalysis
0x00000000018d6000 	/System/Library/Frameworks/ApplicationServices.framework/Versions/A/Frameworks/PrintCore.framework/Versions/A/PrintCore
0x00000000018d6000 	/System/Library/Frameworks/ApplicationServices.framework/Versions/A/Frameworks/QD.framework/Versions/A/QD
0x00000000018d6000 	/System/Library/Frameworks/ApplicationServices.framework/Versions/A/Frameworks/SpeechSynthesis.framework/Versions/A/SpeechSynthesis
0x00000000018d6000 	/System/Library/Frameworks/Metal.framework/Versions/A/Metal
0x00000000018d6000 	/System/Library/Frameworks/Accelerate.framework/Versions/A/Frameworks/vImage.framework/Versions/A/vImage
0x00000000018d6000 	/System/Library/Frameworks/Accelerate.framework/Versions/A/Frameworks/vecLib.framework/Versions/A/vecLib
0x00000000018d6000 	/System/Library/Frameworks/Accelerate.framework/Versions/A/Frameworks/vecLib.framework/Versions/A/libvDSP.dylib
0x00000000018d6000 	/System/Library/Frameworks/Accelerate.framework/Versions/A/Frameworks/vecLib.framework/Versions/A/libvMisc.dylib
0x00000000018d6000 	/System/Library/Frameworks/Accelerate.framework/Versions/A/Frameworks/vecLib.framework/Versions/A/libLAPACK.dylib
0x00000000018d6000 	/System/Library/Frameworks/Accelerate.framework/Versions/A/Frameworks/vecLib.framework/Versions/A/libBLAS.dylib
0x00000000018d6000 	/System/Library/Frameworks/Accelerate.framework/Versions/A/Frameworks/vecLib.framework/Versions/A/libLinearAlgebra.dylib
0x00000000018d6000 	/System/Library/Frameworks/Accelerate.framework/Versions/A/Frameworks/vecLib.framework/Versions/A/libSparseBLAS.dylib
0x00000000018d6000 	/System/Library/PrivateFrameworks/GPUCompiler.framework/libmetal_timestamp.dylib
0x00000000018d6000 	/System/Library/Frameworks/OpenGL.framework/Versions/A/Libraries/libCoreFSCache.dylib
0x00000000018d6000 	/System/Library/PrivateFrameworks/IOAccelerator.framework/Versions/A/IOAccelerator
0x00000000018d6000 	/System/Library/Frameworks/ApplicationServices.framework/Versions/A/Frameworks/ATS.framework/Versions/A/Resources/libFontParser.dylib
0x00000000018d6000 	/System/Library/Frameworks/ApplicationServices.framework/Versions/A/Frameworks/ATS.framework/Versions/A/Resources/libFontRegistry.dylib
0x00000000018d6000 	/System/Library/PrivateFrameworks/AppleVPA.framework/Versions/A/AppleVPA
0x00000000018d6000 	/System/Library/PrivateFrameworks/AppleJPEG.framework/Versions/A/AppleJPEG
0x00000000018d6000 	/System/Library/Frameworks/ImageIO.framework/Versions/A/Resources/libJPEG.dylib
0x00000000018d6000 	/System/Library/Frameworks/ImageIO.framework/Versions/A/Resources/libTIFF.dylib
0x00000000018d6000 	/System/Library/Frameworks/ImageIO.framework/Versions/A/Resources/libPng.dylib
0x00000000018d6000 	/System/Library/Frameworks/ImageIO.framework/Versions/A/Resources/libGIF.dylib
0x00000000018d6000 	/System/Library/Frameworks/ImageIO.framework/Versions/A/Resources/libJP2.dylib
0x00000000018d6000 	/System/Library/Frameworks/ImageIO.framework/Versions/A/Resources/libRadiance.dylib
0x00000000018d6000 	/System/Library/Frameworks/CoreVideo.framework/Versions/A/CoreVideo
0x00000000018d6000 	/System/Library/Frameworks/OpenGL.framework/Versions/A/Libraries/libGLU.dylib
0x00000000018d6000 	/System/Library/Frameworks/OpenGL.framework/Versions/A/Libraries/libGFXShared.dylib
0x00000000018d6000 	/System/Library/Frameworks/OpenGL.framework/Versions/A/Libraries/libGL.dylib
0x00000000018d6000 	/System/Library/Frameworks/OpenGL.framework/Versions/A/Libraries/libGLImage.dylib
0x00000000018d6000 	/System/Library/Frameworks/OpenGL.framework/Versions/A/Libraries/libCVMSPluginSupport.dylib
0x00000000018d6000 	/System/Library/Frameworks/OpenGL.framework/Versions/A/Libraries/libCoreVMClient.dylib
0x00000000018d6000 	/usr/lib/libcups.2.dylib
0x00000000018d6000 	/System/Library/Frameworks/Kerberos.framework/Versions/A/Kerberos
0x00000000018d6000 	/System/Library/Frameworks/GSS.framework/Versions/A/GSS
0x00000000018d6000 	/usr/lib/libresolv.9.dylib
0x00000000018d6000 	/usr/lib/libiconv.2.dylib
0x00000000018d6000 	/System/Library/PrivateFrameworks/Heimdal.framework/Versions/A/Heimdal
0x00000000018d6000 	/usr/lib/libheimdal-asn1.dylib
0x00000000018d6000 	/System/Library/Frameworks/OpenDirectory.framework/Versions/A/OpenDirectory
0x00000000018d6000 	/System/Library/PrivateFrameworks/CommonAuth.framework/Versions/A/CommonAuth
0x00000000018d6000 	/System/Library/Frameworks/OpenDirectory.framework/Versions/A/Frameworks/CFOpenDirectory.framework/Versions/A/CFOpenDirectory
0x00000000018d6000 	/System/Library/Frameworks/SecurityFoundation.framework/Versions/A/SecurityFoundation
0x00000000018d6000 	/System/Library/PrivateFrameworks/LanguageModeling.framework/Versions/A/LanguageModeling
0x00000000018d6000 	/usr/lib/libmarisa.dylib
0x00000000018d6000 	/usr/lib/libChineseTokenizer.dylib
0x00000000018d6000 	/usr/lib/libcmph.dylib
0x00000000018d6000 	/usr/lib/libcompression.dylib
0x00000000018d6000 	/System/Library/Frameworks/ServiceManagement.framework/Versions/A/ServiceManagement
0x00000000018d6000 	/usr/lib/libxslt.1.dylib
0x00000000018d6000 	/System/Library/Frameworks/Carbon.framework/Versions/A/Frameworks/Ink.framework/Versions/A/Ink
0x00000000018d6000 	/usr/lib/libFosl_dynamic.dylib
0x00000000018d6000 	/System/Library/PrivateFrameworks/FaceCore.framework/Versions/A/FaceCore
0x00000000018d6000 	/System/Library/Frameworks/OpenCL.framework/Versions/A/OpenCL
0x00000000018d6000 	/System/Library/PrivateFrameworks/CrashReporterSupport.framework/Versions/A/CrashReporterSupport
0x00000000018d6000 	/System/Library/PrivateFrameworks/IconServices.framework/Versions/A/IconServices
0x00000000018d6000 	/System/Library/PrivateFrameworks/Apple80211.framework/Versions/A/Apple80211
0x00000000018d6000 	/System/Library/Frameworks/CoreWLAN.framework/Versions/A/CoreWLAN
0x00000000018d6000 	/System/Library/Frameworks/IOBluetooth.framework/Versions/A/IOBluetooth
0x00000000018d6000 	/System/Library/PrivateFrameworks/CoreWiFi.framework/Versions/A/CoreWiFi
0x00000000018d6000 	/System/Library/Frameworks/CoreBluetooth.framework/Versions/A/CoreBluetooth
0x00000000018d6000 	/System/Library/PrivateFrameworks/ChunkingLibrary.framework/Versions/A/ChunkingLibrary
0x00000000018d6000 	/System/Library/PrivateFrameworks/DebugSymbols.framework/Versions/A/DebugSymbols
0x00000000018d6000 	/System/Library/PrivateFrameworks/CoreSymbolication.framework/Versions/A/CoreSymbolication
0x00000000018d6000 	/System/Library/PrivateFrameworks/Symbolication.framework/Versions/A/Symbolication
0x00000000018d6000 	/System/Library/PrivateFrameworks/SpeechRecognitionCore.framework/Versions/A/SpeechRecognitionCore
0x0000000104e00000 	/Library/Java/JavaVirtualMachines/jdk1.8.0_60.jdk/Contents/Home/jre/lib/server/libjvm.dylib
0x00000000018d6000 	/usr/lib/libstdc++.6.dylib
0x0000000103cb2000 	/Library/Java/JavaVirtualMachines/jdk1.8.0_60.jdk/Contents/Home/jre/lib/libverify.dylib
0x0000000103cc0000 	/Library/Java/JavaVirtualMachines/jdk1.8.0_60.jdk/Contents/Home/jre/lib/libjava.dylib
0x0000000103cff000 	/Library/Java/JavaVirtualMachines/jdk1.8.0_60.jdk/Contents/Home/jre/lib/libzip.dylib
0x0000000120d4b000 	/System/Library/Frameworks/JavaVM.framework/Frameworks/JavaRuntimeSupport.framework/JavaRuntimeSupport
0x0000000120d66000 	/System/Library/Frameworks/JavaVM.framework/Versions/A/Frameworks/JavaNativeFoundation.framework/Versions/A/JavaNativeFoundation
0x0000000120d7b000 	/System/Library/Frameworks/JavaVM.framework/Versions/A/JavaVM
0x00000000018d6000 	/System/Library/Frameworks/Carbon.framework/Versions/A/Carbon
0x0000000120d88000 	/System/Library/PrivateFrameworks/JavaLaunching.framework/Versions/A/JavaLaunching
0x00000000018d6000 	/System/Library/Frameworks/Carbon.framework/Versions/A/Frameworks/CommonPanels.framework/Versions/A/CommonPanels
0x00000000018d6000 	/System/Library/Frameworks/Carbon.framework/Versions/A/Frameworks/Help.framework/Versions/A/Help
0x00000000018d6000 	/System/Library/Frameworks/Carbon.framework/Versions/A/Frameworks/ImageCapture.framework/Versions/A/ImageCapture
0x00000000018d6000 	/System/Library/Frameworks/Carbon.framework/Versions/A/Frameworks/OpenScripting.framework/Versions/A/OpenScripting
0x00000000018d6000 	/System/Library/Frameworks/Carbon.framework/Versions/A/Frameworks/Print.framework/Versions/A/Print
0x00000000018d6000 	/System/Library/Frameworks/Carbon.framework/Versions/A/Frameworks/SecurityHI.framework/Versions/A/SecurityHI
0x00000001227f7000 	/Applications/IntelliJ IDEA 15 CE.app/Contents/bin/libbreakgen64.jnilib
0x00000001227fa000 	/Library/Java/JavaVirtualMachines/jdk1.8.0_60.jdk/Contents/Home/jre/lib/libnet.dylib
0x00000001228ef000 	/Library/Java/JavaVirtualMachines/jdk1.8.0_60.jdk/Contents/Home/jre/lib/libprism_es2.dylib
0x00000000018d6000 	/System/Library/Frameworks/OpenGL.framework/Versions/A/Resources/GLEngine.bundle/GLEngine
0x00000000018d6000 	/System/Library/Frameworks/OpenGL.framework/Versions/A/Libraries/libGLProgrammability.dylib
0x0000000122971000 	/System/Library/Extensions/AppleIntelHD5000GraphicsGLDriver.bundle/Contents/MacOS/AppleIntelHD5000GraphicsGLDriver
0x00000000018d6000 	/System/Library/PrivateFrameworks/GPUSupport.framework/Versions/A/Libraries/libGPUSupportMercury.dylib
0x00000000018d6000 	/System/Library/Frameworks/OpenGL.framework/Versions/A/Resources/GLRendererFloat.bundle/GLRendererFloat
0x00000000018d6000 	/System/Library/Frameworks/OpenCL.framework/Versions/A/Libraries/libcldcpuengine.dylib
0x00000000018d6000 	/System/Library/PrivateFrameworks/DiskImages.framework/Versions/A/DiskImages
0x00000000018d6000 	/System/Library/Frameworks/DiscRecording.framework/Versions/A/DiscRecording
0x00000000018d6000 	/usr/lib/libcsfde.dylib
0x00000000018d6000 	/usr/lib/libcurl.4.dylib
0x00000000018d6000 	/System/Library/PrivateFrameworks/MediaKit.framework/Versions/A/MediaKit
0x00000000018d6000 	/System/Library/PrivateFrameworks/ProtectedCloudStorage.framework/Versions/A/ProtectedCloudStorage
0x00000000018d6000 	/usr/lib/libCoreStorage.dylib
0x00000000018d6000 	/System/Library/PrivateFrameworks/EFILogin.framework/Versions/A/EFILogin
0x00000000018d6000 	/usr/lib/libutil.dylib
0x00000000018d6000 	/System/Library/PrivateFrameworks/FindMyDevice.framework/Versions/A/FindMyDevice
0x00000000018d6000 	/System/Library/Frameworks/LDAP.framework/Versions/A/LDAP
0x00000000018d6000 	/usr/lib/libsasl2.2.dylib
0x00000000018d6000 	/System/Library/PrivateFrameworks/CoreDaemon.framework/Versions/B/CoreDaemon
0x00000000018d6000 	/usr/lib/libcrypto.0.9.8.dylib
0x00000000018d6000 	/System/Library/PrivateFrameworks/AppleSRP.framework/Versions/A/AppleSRP
0x00000000018d6000 	/System/Library/PrivateFrameworks/TrustEvaluationAgent.framework/Versions/A/TrustEvaluationAgent
0x0000000123500000 	/Library/Java/JavaVirtualMachines/jdk1.8.0_60.jdk/Contents/Home/jre/lib/libglass.dylib
0x00000000018d6000 	/System/Library/PrivateFrameworks/CoreServicesInternal.framework/Versions/A/CoreServicesInternal
0x00000000018d6000 	/System/Library/CoreServices/RawCamera.bundle/Contents/MacOS/RawCamera
0x00000000018d6000 	/System/Library/Frameworks/CoreGraphics.framework/Versions/A/Resources/libRIP.A.dylib
0x00000000018d6000 	/System/Library/Frameworks/Accelerate.framework/Versions/A/Frameworks/vImage.framework/Versions/A/Libraries/libCGInterfaces.dylib
0x00000000018d6000 	/System/Library/PrivateFrameworks/FamilyControls.framework/Versions/A/FamilyControls
0x00000000018d6000 	/System/Library/PrivateFrameworks/CommerceKit.framework/Versions/A/Frameworks/CommerceCore.framework/Versions/A/CommerceCore
0x00000000018d6000 	/System/Library/PrivateFrameworks/SystemAdministration.framework/Versions/A/SystemAdministration
0x00000000018d6000 	/System/Library/PrivateFrameworks/AppContainer.framework/Versions/A/AppContainer
0x00000000018d6000 	/System/Library/PrivateFrameworks/SecCodeWrapper.framework/Versions/A/SecCodeWrapper
0x00000000018d6000 	/System/Library/Frameworks/DirectoryService.framework/Versions/A/DirectoryService
0x00000000018d6000 	/System/Library/PrivateFrameworks/LoginUIKit.framework/Versions/A/Frameworks/LoginUICore.framework/Versions/A/LoginUICore
0x00000000018d6000 	/usr/lib/libodfde.dylib
0x0000000126650000 	/Library/Java/JavaVirtualMachines/jdk1.8.0_60.jdk/Contents/Home/jre/lib/libjavafx_font.dylib
0x00000000018d6000 	/System/Library/Frameworks/CoreGraphics.framework/Versions/A/Resources/libCGXType.A.dylib
0x00000001283bc000 	cl_kernels
0x00000000018d6000 	/System/Library/Frameworks/OpenCL.framework/Versions/A/Libraries/ImageFormats/unorm8_bgra.dylib
0x00000000018d6000 	/System/Library/Frameworks/OpenCL.framework/Versions/A/Libraries/ImageFormats/unorm8_rgba.dylib
0x00000001292f0000 	/System/Library/Extensions/AppleIntelHD5000GraphicsMTLDriver.bundle/Contents/MacOS/AppleIntelHD5000GraphicsMTLDriver
0x000000012702f000 	/Library/Java/JavaVirtualMachines/jdk1.8.0_60.jdk/Contents/Home/jre/lib/libprism_common.dylib
0x0000000127d0e000 	/Library/Java/JavaVirtualMachines/jdk1.8.0_60.jdk/Contents/Home/jre/lib/libawt.dylib
0x0000000127db6000 	/Library/Java/JavaVirtualMachines/jdk1.8.0_60.jdk/Contents/Home/jre/lib/./libmlib_image.dylib
0x0000000128ea7000 	/Library/Java/JavaVirtualMachines/jdk1.8.0_60.jdk/Contents/Home/jre/lib/libawt_lwawt.dylib
0x0000000127e82000 	/Library/Java/JavaVirtualMachines/jdk1.8.0_60.jdk/Contents/Home/jre/lib/./libosxapp.dylib
0x00000000018d6000 	/System/Library/Frameworks/ExceptionHandling.framework/Versions/A/ExceptionHandling
0x0000000129c34000 	/Library/Java/JavaVirtualMachines/jdk1.8.0_60.jdk/Contents/Home/jre/lib/libfontmanager.dylib
0x0000000127ed2000 	/Library/Java/JavaVirtualMachines/jdk1.8.0_60.jdk/Contents/Home/jre/lib/libosxui.dylib
0x000000012a182000 	/Library/Java/JavaVirtualMachines/jdk1.8.0_60.jdk/Contents/Home/jre/lib/libnio.dylib
0x00000000018d6000 	/System/Library/Frameworks/ApplicationServices.framework/Versions/A/Frameworks/ATS.framework/Versions/A/Resources/libTrueTypeScaler.dylib

VM Arguments:
jvm_args: -Didea.launcher.port=7540 -Didea.launcher.bin.path=/Applications/IntelliJ IDEA 15 CE.app/Contents/bin -Dfile.encoding=UTF-8 
java_command: com.intellij.rt.execution.application.AppMain homework3.Main
java_class_path (initial): /Library/Java/JavaVirtualMachines/jdk1.8.0_60.jdk/Contents/Home/jre/lib/charsets.jar:/Library/Java/JavaVirtualMachines/jdk1.8.0_60.jdk/Contents/Home/jre/lib/deploy.jar:/Library/Java/JavaVirtualMachines/jdk1.8.0_60.jdk/Contents/Home/jre/lib/ext/cldrdata.jar:/Library/Java/JavaVirtualMachines/jdk1.8.0_60.jdk/Contents/Home/jre/lib/ext/dnsns.jar:/Library/Java/JavaVirtualMachines/jdk1.8.0_60.jdk/Contents/Home/jre/lib/ext/jaccess.jar:/Library/Java/JavaVirtualMachines/jdk1.8.0_60.jdk/Contents/Home/jre/lib/ext/jfxrt.jar:/Library/Java/JavaVirtualMachines/jdk1.8.0_60.jdk/Contents/Home/jre/lib/ext/localedata.jar:/Library/Java/JavaVirtualMachines/jdk1.8.0_60.jdk/Contents/Home/jre/lib/ext/nashorn.jar:/Library/Java/JavaVirtualMachines/jdk1.8.0_60.jdk/Contents/Home/jre/lib/ext/sunec.jar:/Library/Java/JavaVirtualMachines/jdk1.8.0_60.jdk/Contents/Home/jre/lib/ext/sunjce_provider.jar:/Library/Java/JavaVirtualMachines/jdk1.8.0_60.jdk/Contents/Home/jre/lib/ext/sunpkcs11.jar:/Library/Java/JavaVirtualMachines/jdk1.8.0_60.jdk/Contents/Home/jre/lib/ext/zipfs.jar:/Library/Java/JavaVirtualMachines/jdk1.8.0_60.jdk/Contents/Home/jre/lib/javaws.jar:/Library/Java/JavaVirtualMachines/jdk1.8.0_60.jdk/Contents/Home/jre/lib/jce.jar:/Library/Java/JavaVirtualMachines/jdk1.8.0_60.jdk/Contents/Home/jre/lib/jfr.jar:/Library/Java/JavaVirtualMachines/jdk1.8.0_60.jdk/Contents/Home/jre/lib/jfxswt.jar:/Library/Java/JavaVirtualMachines/jdk1.8.0_60.jdk/Contents/Home/jre/lib/jsse.jar:/Library/Java/JavaVirtualMachines/jdk1.8.0_60.jdk/Contents/Home/jre/lib/management-agent.jar:/Library/Java/JavaVirtualMachines/jdk1.8.0_60.jdk/Contents/Home/jre/lib/plugin.jar:/Library/Java/JavaVirtualMachines/jdk1.8.0_60.jdk/Contents/Home/jre/lib/resources.jar:/Library/Java/JavaVirtualMachines/jdk1.8.0_60.jdk/Contents/Home/jre/lib/rt.jar:/Library/Java/JavaVirtualMachines/jdk1.8.0_60.jdk/Contents/Home/lib/ant-javafx.jar:/Library/Java/JavaVirtualMachines/jdk1.8.0_60.jdk/Contents/Home/lib/dt.jar:/Library/Ja
Launcher Type: SUN_STANDARD

Environment Variables:
PATH=/usr/local/bin:/usr/bin:/bin:/usr/sbin:/sbin:/usr/local/git/bin
SHELL=/bin/bash

Signal Handlers:
SIGSEGV: [libjvm.dylib+0x5a6d31], sa_mask[0]=11111111011111110111111111111111, sa_flags=SA_ONSTACK|SA_RESTART|SA_SIGINFO
SIGBUS: [libjvm.dylib+0x5a6d31], sa_mask[0]=11111111011111110111111111111111, sa_flags=SA_RESTART|SA_SIGINFO
SIGFPE: [libjvm.dylib+0x480a4c], sa_mask[0]=11111111011111110111111111111111, sa_flags=SA_RESTART|SA_SIGINFO
SIGPIPE: [libjvm.dylib+0x480a4c], sa_mask[0]=11111111011111110111111111111111, sa_flags=SA_RESTART|SA_SIGINFO
SIGXFSZ: [libjvm.dylib+0x480a4c], sa_mask[0]=11111111011111110111111111111111, sa_flags=SA_RESTART|SA_SIGINFO
SIGILL: [libjvm.dylib+0x480a4c], sa_mask[0]=11111111011111110111111111111111, sa_flags=SA_RESTART|SA_SIGINFO
SIGUSR1: SIG_DFL, sa_mask[0]=00000000000000000000000000000000, sa_flags=none
SIGUSR2: [libjvm.dylib+0x48056a], sa_mask[0]=00100000000000000000000000000000, sa_flags=SA_RESTART|SA_SIGINFO
SIGHUP: [libjvm.dylib+0x47eb41], sa_mask[0]=11111111011111110111111111111111, sa_flags=SA_RESTART|SA_SIGINFO
SIGINT: [libjvm.dylib+0x47eb41], sa_mask[0]=11111111011111110111111111111111, sa_flags=SA_RESTART|SA_SIGINFO
SIGTERM: [libjvm.dylib+0x47eb41], sa_mask[0]=11111111011111110111111111111111, sa_flags=SA_RESTART|SA_SIGINFO
SIGQUIT: [libjvm.dylib+0x47eb41], sa_mask[0]=11111111011111110111111111111111, sa_flags=SA_RESTART|SA_SIGINFO


---------------  S Y S T E M  ---------------

OS:Bsduname:Darwin 15.0.0 Darwin Kernel Version 15.0.0: Sat Sep 19 15:53:46 PDT 2015; root:xnu-3247.10.11~1/RELEASE_X86_64 x86_64
rlimit: STACK 8192k, CORE 0k, NPROC 709, NOFILE 10240, AS infinity
load average:2.66 2.24 2.22

CPU:total 8 (4 cores per cpu, 2 threads per core) family 6 model 70 stepping 1, cmov, cx8, fxsr, mmx, sse, sse2, sse3, ssse3, sse4.1, sse4.2, popcnt, avx, avx2, aes, clmul, erms, lzcnt, ht, tsc, tscinvbit, bmi1, bmi2

Memory: 4k page, physical 16777216k(4046416k free)

/proc/meminfo:


vm_info: Java HotSpot(TM) 64-Bit Server VM (25.60-b23) for bsd-amd64 JRE (1.8.0_60-b27), built on Aug  4 2015 10:47:24 by "java_re" with gcc 4.2.1 (Based on Apple Inc. build 5658) (LLVM build 2336.11.00)

time: Sun Nov 29 18:26:51 2015
elapsed time: 57 seconds (0d 0h 0m 57s)

